<?xml version="1.0" encoding="UTF-8"?>
<!-- Generated by org.testng.reporters.JUnitXMLReporter -->
<testsuite hostname="NODLTP52041378" name="Surefire test" tests="6" failures="0" timestamp="12 May 2021 10:17:41 GMT" time="0.444" errors="0">
  <testcase name="first" time="0.304" classname="mavenPractice.Maven.FirstTest"/>
  <testcase name="second" time="0.0" classname="mavenPractice.Maven.FirstTest"/>
  <testcase name="first" time="0.001" classname="mavenPractice.Maven.SecondTest$FirstTest"/>
  <testcase name="second" time="0.0" classname="mavenPractice.Maven.SecondTest$FirstTest"/>
  <testcase name="Fourthfirst" time="0.0" classname="mavenPractice.Maven.FourthTest"/>
  <testcase name="Fourthsecond" time="0.0" classname="mavenPractice.Maven.FourthTest"/>
</testsuite> <!-- Surefire test -->
