<?xml version="1.0" encoding="UTF-8"?>
<testng-results skipped="0" failed="0" total="2" passed="2">
  <reporter-output>
  </reporter-output>
  <suite name="Suite" duration-ms="267" started-at="2021-05-12T12:24:59Z" finished-at="2021-05-12T12:25:00Z">
    <groups>
      <group name="Regression">
        <method signature="FourthTest.Fourthsecond()[pri:0, instance:mavenPractice.Maven.FourthTest@3796751b]" name="Fourthsecond" class="mavenPractice.Maven.FourthTest"/>
      </group> <!-- Regression -->
      <group name="Smoke">
        <method signature="FourthTest.Fourthfirst()[pri:0, instance:mavenPractice.Maven.FourthTest@3796751b]" name="Fourthfirst" class="mavenPractice.Maven.FourthTest"/>
      </group> <!-- Smoke -->
    </groups>
    <test name="Test" duration-ms="267" started-at="2021-05-12T12:24:59Z" finished-at="2021-05-12T12:25:00Z">
      <class name="mavenPractice.Maven.FourthTest">
        <test-method status="PASS" signature="Fourthfirst()[pri:0, instance:mavenPractice.Maven.FourthTest@3796751b]" name="Fourthfirst" duration-ms="145" started-at="2021-05-12T17:55:00Z" finished-at="2021-05-12T17:55:00Z">
          <reporter-output>
          </reporter-output>
        </test-method> <!-- Fourthfirst -->
        <test-method status="PASS" signature="Fourthsecond()[pri:0, instance:mavenPractice.Maven.FourthTest@3796751b]" name="Fourthsecond" duration-ms="1" started-at="2021-05-12T17:55:00Z" finished-at="2021-05-12T17:55:00Z">
          <reporter-output>
          </reporter-output>
        </test-method> <!-- Fourthsecond -->
      </class> <!-- mavenPractice.Maven.FourthTest -->
    </test> <!-- Test -->
  </suite> <!-- Suite -->
</testng-results>
