<?xml version="1.0" encoding="UTF-8"?>
<testng-results skipped="0" failed="0" total="2" passed="2">
  <reporter-output>
  </reporter-output>
  <suite name="Default suite" duration-ms="35" started-at="2021-05-12T10:44:02Z" finished-at="2021-05-12T10:44:02Z">
    <groups>
    </groups>
    <test name="Default test" duration-ms="35" started-at="2021-05-12T10:44:02Z" finished-at="2021-05-12T10:44:02Z">
      <class name="mavenPractice.Maven.FirstTest">
        <test-method status="PASS" signature="first()[pri:0, instance:mavenPractice.Maven.FirstTest@2b98378d]" name="first" duration-ms="12" started-at="2021-05-12T16:14:02Z" finished-at="2021-05-12T16:14:02Z">
          <reporter-output>
          </reporter-output>
        </test-method> <!-- first -->
        <test-method status="PASS" signature="second()[pri:1, instance:mavenPractice.Maven.FirstTest@2b98378d]" name="second" duration-ms="1" started-at="2021-05-12T16:14:02Z" finished-at="2021-05-12T16:14:02Z">
          <reporter-output>
          </reporter-output>
        </test-method> <!-- second -->
      </class> <!-- mavenPractice.Maven.FirstTest -->
    </test> <!-- Default test -->
  </suite> <!-- Default suite -->
</testng-results>
